<?xml version="1.0" encoding="UTF-8"?>
<testsuite name="com.example.demo.ConsultEnsyuApplicationTests" tests="1" skipped="0" failures="0" errors="0" timestamp="2025-06-27T02:36:22.027Z" hostname="AKIHIDE" time="0.738">
  <properties/>
  <testcase name="contextLoads()" classname="com.example.demo.ConsultEnsyuApplicationTests" time="0.738"/>
  <system-out><![CDATA[11:36:19.156 [Test worker] INFO org.springframework.test.context.support.AnnotationConfigContextLoaderUtils -- Could not detect default configuration classes for test class [com.example.demo.ConsultEnsyuApplicationTests]: ConsultEnsyuApplicationTests does not declare any static, non-private, non-final, nested classes annotated with @Configuration.
11:36:19.280 [Test worker] INFO org.springframework.boot.test.context.SpringBootTestContextBootstrapper -- Found @SpringBootConfiguration com.example.demo.ConsultEnsyuApplication for test class com.example.demo.ConsultEnsyuApplicationTests

  .   ____          _            __ _ _
 /\\ / ___'_ __ _ _(_)_ __  __ _ \ \ \ \
( ( )\___ | '_ | '_| | '_ \/ _` | \ \ \ \
 \\/  ___)| |_)| | | | | || (_| |  ) ) ) )
  '  |____| .__|_| |_|_| |_\__, | / / / /
 =========|_|==============|___/=/_/_/_/

 :: Spring Boot ::                (v3.5.0)

2025-06-27T11:36:19.851+09:00  INFO 31540 --- [consult_ensyu] [    Test worker] c.e.demo.ConsultEnsyuApplicationTests    : Starting ConsultEnsyuApplicationTests using Java 21.0.6 with PID 31540 (started by akimj in C:\pleiades\2025-03\workspace\consult_ensyu)
2025-06-27T11:36:19.852+09:00  INFO 31540 --- [consult_ensyu] [    Test worker] c.e.demo.ConsultEnsyuApplicationTests    : No active profile set, falling back to 1 default profile: "default"
2025-06-27T11:36:20.875+09:00  INFO 31540 --- [consult_ensyu] [    Test worker] com.zaxxer.hikari.HikariDataSource       : HikariPool-1 - Starting...
2025-06-27T11:36:21.112+09:00  INFO 31540 --- [consult_ensyu] [    Test worker] com.zaxxer.hikari.pool.HikariPool        : HikariPool-1 - Added connection conn0: url=jdbc:h2:mem:test user=SA
2025-06-27T11:36:21.114+09:00  INFO 31540 --- [consult_ensyu] [    Test worker] com.zaxxer.hikari.HikariDataSource       : HikariPool-1 - Start completed.
2025-06-27T11:36:21.903+09:00  INFO 31540 --- [consult_ensyu] [    Test worker] o.s.b.a.h2.H2ConsoleAutoConfiguration    : H2 console available at '/h2-console'. Database available at 'jdbc:h2:mem:test'
2025-06-27T11:36:22.004+09:00  INFO 31540 --- [consult_ensyu] [    Test worker] c.e.demo.ConsultEnsyuApplicationTests    : Started ConsultEnsyuApplicationTests in 2.509 seconds (process running for 3.865)
]]></system-out>
  <system-err><![CDATA[Mockito is currently self-attaching to enable the inline-mock-maker. This will no longer work in future releases of the JDK. Please add Mockito as an agent to your build as described in Mockito's documentation: https://javadoc.io/doc/org.mockito/mockito-core/latest/org.mockito/org/mockito/Mockito.html#0.3
WARNING: A Java agent has been loaded dynamically (C:\Users\akimj\.gradle\caches\modules-2\files-2.1\net.bytebuddy\byte-buddy-agent\1.17.5\58f9507f5f28d1d3e7adfb4ec2fe37c29d332c9b\byte-buddy-agent-1.17.5.jar)
WARNING: If a serviceability tool is in use, please run with -XX:+EnableDynamicAgentLoading to hide this warning
WARNING: If a serviceability tool is not in use, please run with -Djdk.instrument.traceUsage for more information
WARNING: Dynamic loading of agents will be disallowed by default in a future release
]]></system-err>
</testsuite>
